<?xml version="1.0" encoding="UTF-8"?>
<!-- Generated by org.testng.reporters.JUnitReportReporter -->
<testsuite skipped="0" hostname="DESKTOP-IUV45J7" name="com.model.MercurytsparamTest" tests="3" failures="0" timestamp="15 Jun 2019 05:41:01 GMT" time="12.737" errors="0">
  <testcase name="loginwithvalidds3" time="3.832" classname="com.model.MercurytsparamTest"/>
  <testcase name="loginwithvalidds1" time="4.383" classname="com.model.MercurytsparamTest"/>
  <testcase name="loginwithvalidds2" time="4.522" classname="com.model.MercurytsparamTest"/>
</testsuite> <!-- com.model.MercurytsparamTest -->
